<?xml version="1.0" encoding="UTF-8"?>
<testsuite name="ReqResTests" tests="1" skipped="0" failures="0" errors="0" timestamp="2020-11-19T19:57:27" hostname="jinyor" time="4.603">
  <properties/>
  <testcase name="patchUserTest" classname="ReqResTests" time="4.603"/>
  <system-out><![CDATA[Request method:	PATCH
Request URI:	https://reqres.in/api/users/2
Proxy:			<none>
Request params:	<none>
Query params:	<none>
Form params:	<none>
Path params:	<none>
Headers:		Accept=*/*
				Content-Type=application/json; charset=UTF-8
Cookies:		<none>
Multiparts:		<none>
Body:
{
    "name": "morpheus",
    "job": "zion resident"
}
Request method:	PATCH
Request URI:	https://reqres.in/api/users/2
Proxy:			<none>
Request params:	<none>
Query params:	<none>
Form params:	<none>
Path params:	<none>
Headers:		Accept=*/*
				Content-Type=application/json; charset=UTF-8
Cookies:		<none>
Multiparts:		<none>
Body:
{
    "name": "morpheus",
    "job": "zion resident"
}
]]></system-out>
  <system-err><![CDATA[]]></system-err>
</testsuite>
