<?xml version="1.0" encoding="UTF-8"?>
<testsuite name="ReqResTests" tests="1" skipped="0" failures="0" errors="0" timestamp="2020-11-19T19:54:52" hostname="jinyor" time="3.16">
  <properties/>
  <testcase name="deleteUserTest" classname="ReqResTests" time="3.16"/>
  <system-out><![CDATA[Request method:	DELETE
Request URI:	https://reqres.in/api/users/2
Proxy:			<none>
Request params:	<none>
Query params:	<none>
Form params:	<none>
Path params:	<none>
Headers:		Accept=*/*
				Content-Type=application/json; charset=UTF-8
Cookies:		<none>
Multiparts:		<none>
Body:			<none>
Request method:	DELETE
Request URI:	https://reqres.in/api/users/2
Proxy:			<none>
Request params:	<none>
Query params:	<none>
Form params:	<none>
Path params:	<none>
Headers:		Accept=*/*
				Content-Type=application/json; charset=UTF-8
Cookies:		<none>
Multiparts:		<none>
Body:			<none>
]]></system-out>
  <system-err><![CDATA[]]></system-err>
</testsuite>
